#
# A fatal error has been detected by the Java Runtime Environment:
#
#  EXCEPTION_ACCESS_VIOLATION (0xc0000005) at pc=0x000000006479a0a5, pid=14780, tid=0x000000000000441c
#
# JRE version: Java(TM) SE Runtime Environment (8.0_101-b13) (build 1.8.0_101-b13)
# Java VM: Java HotSpot(TM) 64-Bit Server VM (25.101-b13 mixed mode windows-amd64 compressed oops)
# Problematic frame:
# V  [jvm.dll+0x12a0a5]
#
# Failed to write core dump. Minidumps are not enabled by default on client versions of Windows
#
# If you would like to submit a bug report, please visit:
#   http://bugreport.java.com/bugreport/crash.jsp
#

---------------  T H R E A D  ---------------

Current thread (0x0000000019b04000):  JavaThread "JDWP Transport Listener: dt_socket" daemon [_thread_in_vm, id=17436, stack(0x000000001a170000,0x000000001a270000)]

siginfo: ExceptionCode=0xc0000005, reading address 0xffffffffffffffff

Registers:
RAX=0x000000001a26f301, RBX=0x0000000019b04000, RCX=0x696c707041656c69, RDX=0x0000000000000000
RSP=0x000000001a26f380, RBP=0x696c707041656c69, RSI=0x000000001a26f498, RDI=0x0000000000db8ab0
R8 =0x0000000019b04000, R9 =0x0000000000008000, R10=0x000000001ef1adf0, R11=0x000000001a26f6ac
R12=0x0000000000000000, R13=0x0000000019b04a28, R14=0x0000000000000000, R15=0x0000000000000000
RIP=0x000000006479a0a5, EFLAGS=0x0000000000010206

Top of Stack: (sp=0x000000001a26f380)
0x000000001a26f380:   0000000019b04000 0000000019b04000
0x000000001a26f390:   000000001a26f448 00000000649a2f0b
0x000000001a26f3a0:   0000000019b04000 00000000649bf76d
0x000000001a26f3b0:   0000000000000000 0000000065a49155
0x000000001a26f3c0:   000000001b224d80 0000000065a5291e
0x000000001a26f3d0:   0000000019b04000 0000000000000000
0x000000001a26f3e0:   0000000000000000 0000000000000000
0x000000001a26f3f0:   696c707041656c69 0000000065a51a15
0x000000001a26f400:   000000001a26f498 000000001a26f470
0x000000001a26f410:   0000000000000001 000000001b224d80
0x000000001a26f420:   696c707041656c69 0000000065a353b3
0x000000001a26f430:   000000001a26f560 0000000000000001
0x000000001a26f440:   0000000000000001 000000001b224d80
0x000000001a26f450:   0000000000000000 0000000000000000
0x000000001a26f460:   0000000000000000 0000000000000000
0x000000001a26f470:   0000000000000001 0000000065a35571 

Instructions: (pc=0x000000006479a0a5)
0x000000006479a085:   cc cc cc cc cc cc cc cc cc cc cc 48 83 ec 28 48
0x000000006479a095:   85 c9 75 07 33 c0 48 83 c4 28 c3 48 89 5c 24 20
0x000000006479a0a5:   48 8b 19 48 85 db 74 20 48 83 fb 37 74 1a 48 8b
0x000000006479a0b5:   13 48 8b cb ff 52 10 84 c0 74 0d 48 8b c3 48 8b 


Register to memory mapping:

RAX=0x000000001a26f301 is pointing into the stack for thread: 0x0000000019b04000
RBX=0x0000000019b04000 is a thread
RCX=0x696c707041656c69 is an unknown value
RDX=0x0000000000000000 is an unknown value
RSP=0x000000001a26f380 is pointing into the stack for thread: 0x0000000019b04000
RBP=0x696c707041656c69 is an unknown value
RSI=0x000000001a26f498 is pointing into the stack for thread: 0x0000000019b04000
RDI=0x0000000000db8ab0 is an unknown value
R8 =0x0000000019b04000 is a thread
R9 =0x0000000000008000 is an unknown value
R10=0x000000001ef1adf0 is an unknown value
R11=0x000000001a26f6ac is pointing into the stack for thread: 0x0000000019b04000
R12=0x0000000000000000 is an unknown value
R13=0x0000000019b04a28 is an unknown value
R14=0x0000000000000000 is an unknown value
R15=0x0000000000000000 is an unknown value


Stack: [0x000000001a170000,0x000000001a270000],  sp=0x000000001a26f380,  free space=1020k
Native frames: (J=compiled Java code, j=interpreted, Vv=VM code, C=native code)
V  [jvm.dll+0x12a0a5]
V  [jvm.dll+0x34f76d]
C  [jdwp.dll+0x21a15]
C  [jdwp.dll+0x53b3]
C  [jdwp.dll+0x5571]
C  [jdwp.dll+0xf0a8]
C  [jdwp.dll+0x1f2d5]
C  [jdwp.dll+0x1f41e]
V  [jvm.dll+0x1bd258]
V  [jvm.dll+0x2451a4]
V  [jvm.dll+0x29c18a]
C  [msvcr100.dll+0x21d9f]
C  [msvcr100.dll+0x21e3b]
C  [KERNEL32.DLL+0x12774]
C  [ntdll.dll+0x70d51]


---------------  P R O C E S S  ---------------

Java Threads: ( => current thread )
  0x0000000023bdb000 JavaThread "logback-9" daemon [_thread_blocked, id=14080, stack(0x000000002a2c0000,0x000000002a3c0000)]
  0x0000000023d20000 JavaThread "logback-8" daemon [_thread_blocked, id=10392, stack(0x000000002a1c0000,0x000000002a2c0000)]
  0x0000000023d21000 JavaThread "logback-7" daemon [_thread_blocked, id=13136, stack(0x0000000029ac0000,0x0000000029bc0000)]
  0x0000000023d1f800 JavaThread "logback-6" daemon [_thread_blocked, id=14116, stack(0x00000000299c0000,0x0000000029ac0000)]
  0x0000000023d1e800 JavaThread "logback-5" daemon [_thread_blocked, id=14428, stack(0x00000000298c0000,0x00000000299c0000)]
  0x0000000023d21800 JavaThread "DestroyJavaVM" [_thread_blocked, id=7792, stack(0x0000000002610000,0x0000000002710000)]
  0x0000000023d18800 JavaThread "logback-4" daemon [_thread_blocked, id=17892, stack(0x00000000297c0000,0x00000000298c0000)]
  0x0000000023d1d000 JavaThread "http-nio-8080-AsyncTimeout" daemon [_thread_blocked, id=7092, stack(0x00000000296c0000,0x00000000297c0000)]
  0x0000000023d1b800 JavaThread "http-nio-8080-Acceptor-0" daemon [_thread_in_native, id=16100, stack(0x00000000295c0000,0x00000000296c0000)]
  0x0000000023d17800 JavaThread "http-nio-8080-ClientPoller-1" daemon [_thread_in_native, id=1716, stack(0x00000000294c0000,0x00000000295c0000)]
  0x0000000023d1c000 JavaThread "http-nio-8080-ClientPoller-0" daemon [_thread_in_native, id=14556, stack(0x00000000293c0000,0x00000000294c0000)]
  0x0000000023d1a800 JavaThread "http-nio-8080-exec-10" daemon [_thread_blocked, id=3092, stack(0x00000000292c0000,0x00000000293c0000)]
  0x0000000023d17000 JavaThread "http-nio-8080-exec-9" daemon [_thread_blocked, id=13856, stack(0x00000000291c0000,0x00000000292c0000)]
  0x0000000023d13000 JavaThread "http-nio-8080-exec-8" daemon [_thread_blocked, id=17036, stack(0x00000000290c0000,0x00000000291c0000)]
  0x0000000023d16000 JavaThread "http-nio-8080-exec-7" daemon [_thread_blocked, id=11748, stack(0x0000000028fc0000,0x00000000290c0000)]
  0x0000000023d15800 JavaThread "http-nio-8080-exec-6" daemon [_thread_blocked, id=11580, stack(0x0000000027c80000,0x0000000027d80000)]
  0x0000000023d14800 JavaThread "http-nio-8080-exec-5" daemon [_thread_blocked, id=14740, stack(0x0000000027b80000,0x0000000027c80000)]
  0x0000000023d1a000 JavaThread "http-nio-8080-exec-4" daemon [_thread_blocked, id=4860, stack(0x0000000027a80000,0x0000000027b80000)]
  0x0000000023d14000 JavaThread "http-nio-8080-exec-3" daemon [_thread_blocked, id=12672, stack(0x00000000275b0000,0x00000000276b0000)]
  0x0000000023d19000 JavaThread "http-nio-8080-exec-2" daemon [_thread_blocked, id=3588, stack(0x00000000274b0000,0x00000000275b0000)]
  0x0000000023d12800 JavaThread "http-nio-8080-exec-1" daemon [_thread_blocked, id=12404, stack(0x00000000273b0000,0x00000000274b0000)]
  0x0000000023bd6800 JavaThread "NioBlockingSelector.BlockPoller-1" daemon [_thread_in_native, id=18056, stack(0x00000000272b0000,0x00000000273b0000)]
  0x0000000023bdd000 JavaThread "Live Reload Server" daemon [_thread_in_native, id=16660, stack(0x00000000271b0000,0x00000000272b0000)]
  0x0000000023bdc800 JavaThread "File Watcher" daemon [_thread_blocked, id=10616, stack(0x0000000026fb0000,0x00000000270b0000)]
  0x0000000023bdb800 JavaThread "logback-3" daemon [_thread_blocked, id=15944, stack(0x0000000025600000,0x0000000025700000)]
  0x0000000023bd7000 JavaThread "Abandoned connection cleanup thread" daemon [_thread_blocked, id=3500, stack(0x0000000023010000,0x0000000023110000)]
  0x0000000023bda000 JavaThread "container-0" [_thread_blocked, id=11904, stack(0x0000000022d10000,0x0000000022e10000)]
  0x0000000023bd9800 JavaThread "ContainerBackgroundProcessor[StandardEngine[Tomcat]]" daemon [_thread_blocked, id=11428, stack(0x0000000022c10000,0x0000000022d10000)]
  0x000000001ba82800 JavaThread "logback-2" daemon [_thread_blocked, id=16704, stack(0x000000001c9e0000,0x000000001cae0000)]
  0x0000000019bb4800 JavaThread "Service Thread" daemon [_thread_blocked, id=6228, stack(0x000000001a870000,0x000000001a970000)]
  0x0000000019b2d000 JavaThread "C1 CompilerThread3" daemon [_thread_blocked, id=10068, stack(0x000000001a770000,0x000000001a870000)]
  0x0000000019b2c800 JavaThread "C2 CompilerThread2" daemon [_thread_blocked, id=11244, stack(0x000000001a670000,0x000000001a770000)]
  0x0000000019b2b800 JavaThread "C2 CompilerThread1" daemon [_thread_blocked, id=8428, stack(0x000000001a570000,0x000000001a670000)]
  0x0000000019b23000 JavaThread "C2 CompilerThread0" daemon [_thread_blocked, id=14224, stack(0x000000001a470000,0x000000001a570000)]
  0x0000000019b15000 JavaThread "JDWP Command Reader" daemon [_thread_in_native, id=12868, stack(0x000000001a370000,0x000000001a470000)]
  0x0000000019b14000 JavaThread "JDWP Event Helper Thread" daemon [_thread_blocked, id=1212, stack(0x000000001a270000,0x000000001a370000)]
=>0x0000000019b04000 JavaThread "JDWP Transport Listener: dt_socket" daemon [_thread_in_vm, id=17436, stack(0x000000001a170000,0x000000001a270000)]
  0x0000000019aa8000 JavaThread "Attach Listener" daemon [_thread_blocked, id=16816, stack(0x000000001a070000,0x000000001a170000)]
  0x0000000019aa7000 JavaThread "Signal Dispatcher" daemon [_thread_blocked, id=16884, stack(0x0000000019f70000,0x000000001a070000)]
  0x0000000019a90800 JavaThread "Finalizer" daemon [_thread_blocked, id=17396, stack(0x0000000019e70000,0x0000000019f70000)]
  0x0000000017b8d000 JavaThread "Reference Handler" daemon [_thread_blocked, id=8668, stack(0x0000000019970000,0x0000000019a70000)]

Other Threads:
  0x0000000017b88800 VMThread [stack: 0x0000000019870000,0x0000000019970000] [id=11688]
  0x0000000019c40800 WatcherThread [stack: 0x000000001a970000,0x000000001aa70000] [id=11600]

VM state:not at safepoint (normal execution)

VM Mutex/Monitor currently owned by a thread: None

Heap:
 PSYoungGen      total 241664K, used 87018K [0x00000000d5c00000, 0x00000000e9800000, 0x0000000100000000)
  eden space 224256K, 34% used [0x00000000d5c00000,0x00000000da856500,0x00000000e3700000)
  from space 17408K, 50% used [0x00000000e3700000,0x00000000e3fa44c0,0x00000000e4800000)
  to   space 16896K, 0% used [0x00000000e8780000,0x00000000e8780000,0x00000000e9800000)
 ParOldGen       total 84992K, used 23769K [0x0000000081400000, 0x0000000086700000, 0x00000000d5c00000)
  object space 84992K, 27% used [0x0000000081400000,0x0000000082b365c0,0x0000000086700000)
 Metaspace       used 44136K, capacity 44674K, committed 45184K, reserved 1089536K
  class space    used 4990K, capacity 5143K, committed 5248K, reserved 1048576K

Card table byte_map: [0x0000000011f90000,0x0000000012390000] byte_map_base: 0x0000000011b86000

Marking Bits: (ParMarkBitMap*) 0x0000000064e8a6d0
 Begin Bits: [0x0000000012e40000, 0x0000000014df0000)
 End Bits:   [0x0000000014df0000, 0x0000000016da0000)

Polling page: 0x0000000000d90000

CodeCache: size=245760Kb used=16494Kb max_used=16881Kb free=229265Kb
 bounds [0x0000000002bd0000, 0x0000000003c80000, 0x0000000011bd0000]
 total_blobs=4701 nmethods=4216 adapters=405
 compilation: enabled

Compilation events (10 events):
Event: 1066.716 Thread 0x0000000019b2d000 5049       1       org.apache.catalina.core.StandardWrapper::getServlet (5 bytes)
Event: 1066.716 Thread 0x0000000019b2d000 nmethod 5049 0x000000000332aad0 code [0x000000000332ac20, 0x000000000332ad30]
Event: 1067.232 Thread 0x0000000019b2d000 5050   !   3       java.util.concurrent.ThreadPoolExecutor::getTask (179 bytes)
Event: 1067.234 Thread 0x0000000019b2d000 nmethod 5050 0x0000000003a5c750 code [0x0000000003a5c9a0, 0x0000000003a5db78]
Event: 1072.222 Thread 0x0000000019b2d000 5051       3       java.util.concurrent.locks.ReentrantLock::lockInterruptibly (9 bytes)
Event: 1072.223 Thread 0x0000000019b2d000 nmethod 5051 0x0000000003026450 code [0x0000000003026600, 0x0000000003026b18]
Event: 1092.229 Thread 0x0000000019b2d000 5054       3       java.util.concurrent.locks.AbstractQueuedSynchronizer$ConditionObject::await (98 bytes)
Event: 1092.231 Thread 0x0000000019b2d000 nmethod 5054 0x0000000003a82b10 code [0x0000000003a82dc0, 0x0000000003a83fa8]
Event: 1097.227 Thread 0x0000000019b2b800 5055       4       java.util.concurrent.locks.ReentrantLock::lock (8 bytes)
Event: 1097.229 Thread 0x0000000019b2b800 nmethod 5055 0x00000000039c4cd0 code [0x00000000039c4e40, 0x00000000039c4fb0]

GC Heap History (10 events):
Event: 15.569 GC heap before
{Heap before GC invocations=7 (full 1):
 PSYoungGen      total 71680K, used 70376K [0x00000000d5c00000, 0x00000000deb80000, 0x0000000100000000)
  eden space 66560K, 100% used [0x00000000d5c00000,0x00000000d9d00000,0x00000000d9d00000)
  from space 5120K, 74% used [0x00000000d9d00000,0x00000000da0ba3e8,0x00000000da200000)
  to   space 11776K, 0% used [0x00000000de000000,0x00000000de000000,0x00000000deb80000)
 ParOldGen       total 53760K, used 9732K [0x0000000081400000, 0x0000000084880000, 0x00000000d5c00000)
  object space 53760K, 18% used [0x0000000081400000,0x0000000081d813b0,0x0000000084880000)
 Metaspace       used 26399K, capacity 26770K, committed 27136K, reserved 1073152K
  class space    used 3238K, capacity 3320K, committed 3328K, reserved 1048576K
Event: 15.577 GC heap after
Heap after GC invocations=7 (full 1):
 PSYoungGen      total 134144K, used 6085K [0x00000000d5c00000, 0x00000000deb00000, 0x0000000100000000)
  eden space 122880K, 0% used [0x00000000d5c00000,0x00000000d5c00000,0x00000000dd400000)
  from space 11264K, 54% used [0x00000000de000000,0x00000000de5f16c0,0x00000000deb00000)
  to   space 11776K, 0% used [0x00000000dd400000,0x00000000dd400000,0x00000000ddf80000)
 ParOldGen       total 53760K, used 9740K [0x0000000081400000, 0x0000000084880000, 0x00000000d5c00000)
  object space 53760K, 18% used [0x0000000081400000,0x0000000081d833b0,0x0000000084880000)
 Metaspace       used 26399K, capacity 26770K, committed 27136K, reserved 1073152K
  class space    used 3238K, capacity 3320K, committed 3328K, reserved 1048576K
}
Event: 17.228 GC heap before
{Heap before GC invocations=8 (full 1):
 PSYoungGen      total 134144K, used 128965K [0x00000000d5c00000, 0x00000000deb00000, 0x0000000100000000)
  eden space 122880K, 100% used [0x00000000d5c00000,0x00000000dd400000,0x00000000dd400000)
  from space 11264K, 54% used [0x00000000de000000,0x00000000de5f16c0,0x00000000deb00000)
  to   space 11776K, 0% used [0x00000000dd400000,0x00000000dd400000,0x00000000ddf80000)
 ParOldGen       total 53760K, used 9740K [0x0000000081400000, 0x0000000084880000, 0x00000000d5c00000)
  object space 53760K, 18% used [0x0000000081400000,0x0000000081d833b0,0x0000000084880000)
 Metaspace       used 33349K, capacity 33700K, committed 34048K, reserved 1079296K
  class space    used 3898K, capacity 4002K, committed 4096K, reserved 1048576K
Event: 17.245 GC heap after
Heap after GC invocations=8 (full 1):
 PSYoungGen      total 134656K, used 11760K [0x00000000d5c00000, 0x00000000e5700000, 0x0000000100000000)
  eden space 122880K, 0% used [0x00000000d5c00000,0x00000000d5c00000,0x00000000dd400000)
  from space 11776K, 99% used [0x00000000dd400000,0x00000000ddf7c030,0x00000000ddf80000)
  to   space 15360K, 0% used [0x00000000e4800000,0x00000000e4800000,0x00000000e5700000)
 ParOldGen       total 53760K, used 13587K [0x0000000081400000, 0x0000000084880000, 0x00000000d5c00000)
  object space 53760K, 25% used [0x0000000081400000,0x0000000082144c28,0x0000000084880000)
 Metaspace       used 33349K, capacity 33700K, committed 34048K, reserved 1079296K
  class space    used 3898K, capacity 4002K, committed 4096K, reserved 1048576K
}
Event: 18.098 GC heap before
{Heap before GC invocations=9 (full 1):
 PSYoungGen      total 134656K, used 80337K [0x00000000d5c00000, 0x00000000e5700000, 0x0000000100000000)
  eden space 122880K, 55% used [0x00000000d5c00000,0x00000000d9ef8650,0x00000000dd400000)
  from space 11776K, 99% used [0x00000000dd400000,0x00000000ddf7c030,0x00000000ddf80000)
  to   space 15360K, 0% used [0x00000000e4800000,0x00000000e4800000,0x00000000e5700000)
 ParOldGen       total 53760K, used 13587K [0x0000000081400000, 0x0000000084880000, 0x00000000d5c00000)
  object space 53760K, 25% used [0x0000000081400000,0x0000000082144c28,0x0000000084880000)
 Metaspace       used 34885K, capacity 35296K, committed 35456K, reserved 1081344K
  class space    used 4093K, capacity 4204K, committed 4224K, reserved 1048576K
Event: 18.123 GC heap after
Heap after GC invocations=9 (full 1):
 PSYoungGen      total 239616K, used 15354K [0x00000000d5c00000, 0x00000000e6000000, 0x0000000100000000)
  eden space 224256K, 0% used [0x00000000d5c00000,0x00000000d5c00000,0x00000000e3700000)
  from space 15360K, 99% used [0x00000000e4800000,0x00000000e56febc0,0x00000000e5700000)
  to   space 17408K, 0% used [0x00000000e3700000,0x00000000e3700000,0x00000000e4800000)
 ParOldGen       total 53760K, used 13854K [0x0000000081400000, 0x0000000084880000, 0x00000000d5c00000)
  object space 53760K, 25% used [0x0000000081400000,0x0000000082187a60,0x0000000084880000)
 Metaspace       used 34885K, capacity 35296K, committed 35456K, reserved 1081344K
  class space    used 4093K, capacity 4204K, committed 4224K, reserved 1048576K
}
Event: 18.123 GC heap before
{Heap before GC invocations=10 (full 2):
 PSYoungGen      total 239616K, used 15354K [0x00000000d5c00000, 0x00000000e6000000, 0x0000000100000000)
  eden space 224256K, 0% used [0x00000000d5c00000,0x00000000d5c00000,0x00000000e3700000)
  from space 15360K, 99% used [0x00000000e4800000,0x00000000e56febc0,0x00000000e5700000)
  to   space 17408K, 0% used [0x00000000e3700000,0x00000000e3700000,0x00000000e4800000)
 ParOldGen       total 53760K, used 13854K [0x0000000081400000, 0x0000000084880000, 0x00000000d5c00000)
  object space 53760K, 25% used [0x0000000081400000,0x0000000082187a60,0x0000000084880000)
 Metaspace       used 34885K, capacity 35296K, committed 35456K, reserved 1081344K
  class space    used 4093K, capacity 4204K, committed 4224K, reserved 1048576K
Event: 18.227 GC heap after
Heap after GC invocations=10 (full 2):
 PSYoungGen      total 239616K, used 0K [0x00000000d5c00000, 0x00000000e6000000, 0x0000000100000000)
  eden space 224256K, 0% used [0x00000000d5c00000,0x00000000d5c00000,0x00000000e3700000)
  from space 15360K, 0% used [0x00000000e4800000,0x00000000e4800000,0x00000000e5700000)
  to   space 17408K, 0% used [0x00000000e3700000,0x00000000e3700000,0x00000000e4800000)
 ParOldGen       total 84992K, used 23753K [0x0000000081400000, 0x0000000086700000, 0x00000000d5c00000)
  object space 84992K, 27% used [0x0000000081400000,0x0000000082b325b0,0x0000000086700000)
 Metaspace       used 34878K, capacity 35284K, committed 35456K, reserved 1081344K
  class space    used 4092K, capacity 4202K, committed 4224K, reserved 1048576K
}
Event: 716.429 GC heap before
{Heap before GC invocations=11 (full 2):
 PSYoungGen      total 239616K, used 224256K [0x00000000d5c00000, 0x00000000e6000000, 0x0000000100000000)
  eden space 224256K, 100% used [0x00000000d5c00000,0x00000000e3700000,0x00000000e3700000)
  from space 15360K, 0% used [0x00000000e4800000,0x00000000e4800000,0x00000000e5700000)
  to   space 17408K, 0% used [0x00000000e3700000,0x00000000e3700000,0x00000000e4800000)
 ParOldGen       total 84992K, used 23753K [0x0000000081400000, 0x0000000086700000, 0x00000000d5c00000)
  object space 84992K, 27% used [0x0000000081400000,0x0000000082b325b0,0x0000000086700000)
 Metaspace       used 43530K, capacity 44044K, committed 44288K, reserved 1089536K
  class space    used 4946K, capacity 5070K, committed 5120K, reserved 1048576K
Event: 716.440 GC heap after
Heap after GC invocations=11 (full 2):
 PSYoungGen      total 241664K, used 8849K [0x00000000d5c00000, 0x00000000e9800000, 0x0000000100000000)
  eden space 224256K, 0% used [0x00000000d5c00000,0x00000000d5c00000,0x00000000e3700000)
  from space 17408K, 50% used [0x00000000e3700000,0x00000000e3fa44c0,0x00000000e4800000)
  to   space 16896K, 0% used [0x00000000e8780000,0x00000000e8780000,0x00000000e9800000)
 ParOldGen       total 84992K, used 23769K [0x0000000081400000, 0x0000000086700000, 0x00000000d5c00000)
  object space 84992K, 27% used [0x0000000081400000,0x0000000082b365c0,0x0000000086700000)
 Metaspace       used 43530K, capacity 44044K, committed 44288K, reserved 1089536K
  class space    used 4946K, capacity 5070K, committed 5120K, reserved 1048576K
}

Deoptimization events (10 events):
Event: 813.418 Thread 0x0000000023d19000 Uncommon trap: reason=unhandled action=none pc=0x0000000003264c30 method=java.net.URLClassLoader.findClass(Ljava/lang/String;)Ljava/lang/Class; @ 44
Event: 813.697 Thread 0x0000000023d19000 Uncommon trap: reason=unhandled action=none pc=0x0000000003264c30 method=java.net.URLClassLoader.findClass(Ljava/lang/String;)Ljava/lang/Class; @ 44
Event: 813.698 Thread 0x0000000023d19000 Uncommon trap: reason=unhandled action=none pc=0x0000000003264c30 method=java.net.URLClassLoader.findClass(Ljava/lang/String;)Ljava/lang/Class; @ 44
Event: 813.698 Thread 0x0000000023d19000 Uncommon trap: reason=unhandled action=none pc=0x0000000003264c30 method=java.net.URLClassLoader.findClass(Ljava/lang/String;)Ljava/lang/Class; @ 44
Event: 813.699 Thread 0x0000000023d19000 Uncommon trap: reason=unhandled action=none pc=0x0000000003264c30 method=java.net.URLClassLoader.findClass(Ljava/lang/String;)Ljava/lang/Class; @ 44
Event: 813.705 Thread 0x0000000023d19000 Uncommon trap: reason=unhandled action=none pc=0x0000000003264c30 method=java.net.URLClassLoader.findClass(Ljava/lang/String;)Ljava/lang/Class; @ 44
Event: 813.706 Thread 0x0000000023d19000 Uncommon trap: reason=unhandled action=none pc=0x0000000003264c30 method=java.net.URLClassLoader.findClass(Ljava/lang/String;)Ljava/lang/Class; @ 44
Event: 813.706 Thread 0x0000000023d19000 Uncommon trap: reason=unhandled action=none pc=0x0000000003264c30 method=java.net.URLClassLoader.findClass(Ljava/lang/String;)Ljava/lang/Class; @ 44
Event: 815.747 Thread 0x0000000023d19000 Uncommon trap: reason=unhandled action=none pc=0x0000000003c39590 method=java.lang.Class.getDeclaredMethod(Ljava/lang/String;[Ljava/lang/Class;)Ljava/lang/reflect/Method; @ 64
Event: 858.210 Thread 0x0000000023d15800 Uncommon trap: reason=unhandled action=none pc=0x0000000003c39590 method=java.lang.Class.getDeclaredMethod(Ljava/lang/String;[Ljava/lang/Class;)Ljava/lang/reflect/Method; @ 64

Internal exceptions (10 events):
Event: 790.418 Thread 0x0000000023d16000 Exception <a 'java/lang/reflect/InvocationTargetException'> (0x00000000d78f99d8) thrown at [C:\re\workspace\8-2-build-windows-amd64-cygwin\jdk8u101\7261\hotspot\src\share\vm\runtime\reflection.cpp, line 1092]
Event: 790.424 Thread 0x0000000023d16000 Exception <a 'java/lang/ArrayIndexOutOfBoundsException': 83> (0x00000000d79745d8) thrown at [C:\re\workspace\8-2-build-windows-amd64-cygwin\jdk8u101\7261\hotspot\src\share\vm\interpreter\interpreterRuntime.cpp, line 366]
Event: 790.429 Thread 0x0000000023d16000 Exception <a 'java/lang/ArrayIndexOutOfBoundsException': 101> (0x00000000d79b6120) thrown at [C:\re\workspace\8-2-build-windows-amd64-cygwin\jdk8u101\7261\hotspot\src\share\vm\interpreter\interpreterRuntime.cpp, line 366]
Event: 790.430 Thread 0x0000000023d16000 Exception <a 'java/lang/ArrayIndexOutOfBoundsException': 149> (0x00000000d79d1280) thrown at [C:\re\workspace\8-2-build-windows-amd64-cygwin\jdk8u101\7261\hotspot\src\share\vm\interpreter\interpreterRuntime.cpp, line 366]
Event: 790.431 Thread 0x0000000023d16000 Exception <a 'java/lang/ArrayIndexOutOfBoundsException': 61> (0x00000000d79d4bc8) thrown at [C:\re\workspace\8-2-build-windows-amd64-cygwin\jdk8u101\7261\hotspot\src\share\vm\interpreter\interpreterRuntime.cpp, line 366]
Event: 791.621 Thread 0x0000000023d13000 Exception <a 'java/lang/reflect/InvocationTargetException'> (0x00000000d5db0d60) thrown at [C:\re\workspace\8-2-build-windows-amd64-cygwin\jdk8u101\7261\hotspot\src\share\vm\runtime\reflection.cpp, line 1092]
Event: 793.748 Thread 0x0000000023d14000 Exception <a 'java/lang/reflect/InvocationTargetException'> (0x00000000d630b718) thrown at [C:\re\workspace\8-2-build-windows-amd64-cygwin\jdk8u101\7261\hotspot\src\share\vm\runtime\reflection.cpp, line 1092]
Event: 794.428 Thread 0x0000000023d12800 Exception <a 'java/lang/reflect/InvocationTargetException'> (0x00000000d707fa60) thrown at [C:\re\workspace\8-2-build-windows-amd64-cygwin\jdk8u101\7261\hotspot\src\share\vm\runtime\reflection.cpp, line 1092]
Event: 815.742 Thread 0x0000000023d19000 Exception <a 'java/lang/reflect/InvocationTargetException'> (0x00000000d7dc5760) thrown at [C:\re\workspace\8-2-build-windows-amd64-cygwin\jdk8u101\7261\hotspot\src\share\vm\runtime\reflection.cpp, line 1092]
Event: 858.207 Thread 0x0000000023d15800 Exception <a 'java/lang/reflect/InvocationTargetException'> (0x00000000d81c5fb8) thrown at [C:\re\workspace\8-2-build-windows-amd64-cygwin\jdk8u101\7261\hotspot\src\share\vm\runtime\reflection.cpp, line 1092]

Events (10 events):
Event: 1012.222 Thread 0x0000000019b2d000 flushing nmethod 0x0000000003909cd0
Event: 1012.222 Thread 0x0000000019b2d000 flushing nmethod 0x000000000395bb50
Event: 1012.222 Thread 0x0000000019b2d000 flushing nmethod 0x000000000395c290
Event: 1012.222 Thread 0x0000000019b2d000 flushing nmethod 0x00000000039c4550
Event: 1012.222 Thread 0x0000000019b2d000 flushing nmethod 0x00000000039c4cd0
Event: 1012.222 Thread 0x0000000019b2d000 flushing nmethod 0x00000000039cb010
Event: 1017.236 Thread 0x0000000019b2d000 flushing nmethod 0x0000000003b53b90
Event: 1017.236 Thread 0x0000000019b2d000 flushing nmethod 0x0000000003b57850
Event: 1099.049 Executing VM operation: RedefineClasses
Event: 1099.080 Executing VM operation: RedefineClasses done


Dynamic libraries:
0x00007ff7d8470000 - 0x00007ff7d84a7000 	C:\Program Files\Java\jdk1.8.0_101\jre\bin\java.exe
0x00007ff87c1b0000 - 0x00007ff87c38b000 	C:\WINDOWS\SYSTEM32\ntdll.dll
0x00007ff87b180000 - 0x00007ff87b22e000 	C:\WINDOWS\System32\KERNEL32.DLL
0x00007ff878900000 - 0x00007ff878b49000 	C:\WINDOWS\System32\KERNELBASE.dll
0x00007ff879840000 - 0x00007ff8798e1000 	C:\WINDOWS\System32\ADVAPI32.dll
0x00007ff879710000 - 0x00007ff8797ad000 	C:\WINDOWS\System32\msvcrt.dll
0x00007ff8797e0000 - 0x00007ff879839000 	C:\WINDOWS\System32\sechost.dll
0x00007ff8798f0000 - 0x00007ff879a15000 	C:\WINDOWS\System32\RPCRT4.dll
0x00007ff87bba0000 - 0x00007ff87bcea000 	C:\WINDOWS\System32\USER32.dll
0x00007ff8787d0000 - 0x00007ff8787ee000 	C:\WINDOWS\System32\win32u.dll
0x00007ff87b4d0000 - 0x00007ff87b4f7000 	C:\WINDOWS\System32\GDI32.dll
0x00007ff8794e0000 - 0x00007ff879668000 	C:\WINDOWS\System32\gdi32full.dll
0x00007ff879670000 - 0x00007ff87970a000 	C:\WINDOWS\System32\msvcp_win.dll
0x00007ff8786d0000 - 0x00007ff8787c6000 	C:\WINDOWS\System32\ucrtbase.dll
0x00007ff86ca90000 - 0x00007ff86ccf7000 	C:\WINDOWS\WinSxS\amd64_microsoft.windows.common-controls_6595b64144ccf1df_6.0.15063.483_none_26002d27e7c744a2\COMCTL32.dll
0x00007ff87beb0000 - 0x00007ff87c1a9000 	C:\WINDOWS\System32\combase.dll
0x00007ff878b50000 - 0x00007ff878bba000 	C:\WINDOWS\System32\bcryptPrimitives.dll
0x00007ff8797b0000 - 0x00007ff8797dd000 	C:\WINDOWS\System32\IMM32.DLL
0x0000000065aa0000 - 0x0000000065b72000 	C:\Program Files\Java\jdk1.8.0_101\jre\bin\msvcr100.dll
0x0000000064670000 - 0x0000000064f0a000 	C:\Program Files\Java\jdk1.8.0_101\jre\bin\server\jvm.dll
0x00007ff87b110000 - 0x00007ff87b118000 	C:\WINDOWS\System32\PSAPI.DLL
0x00007ff86b250000 - 0x00007ff86b259000 	C:\WINDOWS\SYSTEM32\WSOCK32.dll
0x00007ff873cf0000 - 0x00007ff873cfa000 	C:\WINDOWS\SYSTEM32\VERSION.dll
0x00007ff872050000 - 0x00007ff872073000 	C:\WINDOWS\SYSTEM32\WINMM.dll
0x00007ff87bab0000 - 0x00007ff87bb1c000 	C:\WINDOWS\System32\WS2_32.dll
0x00007ff871f80000 - 0x00007ff871fab000 	C:\WINDOWS\SYSTEM32\WINMMBASE.dll
0x00007ff878d90000 - 0x00007ff878dd9000 	C:\WINDOWS\System32\cfgmgr32.dll
0x0000000065e60000 - 0x0000000065e6f000 	C:\Program Files\Java\jdk1.8.0_101\jre\bin\verify.dll
0x0000000065a70000 - 0x0000000065a99000 	C:\Program Files\Java\jdk1.8.0_101\jre\bin\java.dll
0x0000000065a30000 - 0x0000000065a65000 	C:\Program Files\Java\jdk1.8.0_101\jre\bin\jdwp.dll
0x0000000065e50000 - 0x0000000065e58000 	C:\Program Files\Java\jdk1.8.0_101\jre\bin\npt.dll
0x0000000065a10000 - 0x0000000065a26000 	C:\Program Files\Java\jdk1.8.0_101\jre\bin\zip.dll
0x00007ff879c10000 - 0x00007ff87b047000 	C:\WINDOWS\System32\SHELL32.dll
0x00007ff87b050000 - 0x00007ff87b0fa000 	C:\WINDOWS\System32\shcore.dll
0x00007ff878de0000 - 0x00007ff8794d2000 	C:\WINDOWS\System32\windows.storage.dll
0x00007ff87b500000 - 0x00007ff87b551000 	C:\WINDOWS\System32\shlwapi.dll
0x00007ff878690000 - 0x00007ff8786a1000 	C:\WINDOWS\System32\kernel.appcore.dll
0x00007ff878640000 - 0x00007ff87868c000 	C:\WINDOWS\System32\powrprof.dll
0x00007ff8786b0000 - 0x00007ff8786c5000 	C:\WINDOWS\System32\profapi.dll
0x0000000065e40000 - 0x0000000065e49000 	C:\Program Files\Java\jdk1.8.0_101\jre\bin\dt_socket.dll
0x00007ff877f30000 - 0x00007ff877f8c000 	C:\WINDOWS\system32\mswsock.dll
0x00000000659c0000 - 0x00000000659cd000 	C:\Program Files\Java\jdk1.8.0_101\jre\bin\management.dll
0x00000000659f0000 - 0x0000000065a0a000 	C:\Program Files\Java\jdk1.8.0_101\jre\bin\net.dll
0x00000000659d0000 - 0x00000000659e1000 	C:\Program Files\Java\jdk1.8.0_101\jre\bin\nio.dll
0x00007ff86a170000 - 0x00007ff86a186000 	C:\WINDOWS\system32\napinsp.dll
0x00007ff86a150000 - 0x00007ff86a16a000 	C:\WINDOWS\system32\pnrpnsp.dll
0x00007ff876950000 - 0x00007ff876968000 	C:\WINDOWS\system32\NLAapi.dll
0x00007ff877d10000 - 0x00007ff877db4000 	C:\WINDOWS\SYSTEM32\DNSAPI.dll
0x00007ff87b100000 - 0x00007ff87b108000 	C:\WINDOWS\System32\NSI.dll
0x00007ff877cd0000 - 0x00007ff877d07000 	C:\WINDOWS\SYSTEM32\IPHLPAPI.DLL
0x00007ff86b200000 - 0x00007ff86b20e000 	C:\WINDOWS\System32\winrnr.dll
0x00007ff8729a0000 - 0x00007ff8729aa000 	C:\Windows\System32\rasadhlp.dll
0x00007ff8729e0000 - 0x00007ff872a4b000 	C:\WINDOWS\System32\fwpuclnt.dll
0x00007ff8781e0000 - 0x00007ff878205000 	C:\WINDOWS\SYSTEM32\bcrypt.dll
0x00007ff8780d0000 - 0x00007ff8780e7000 	C:\WINDOWS\SYSTEM32\CRYPTSP.dll
0x00007ff877b50000 - 0x00007ff877b84000 	C:\WINDOWS\system32\rsaenh.dll
0x00007ff878520000 - 0x00007ff878549000 	C:\WINDOWS\SYSTEM32\USERENV.dll
0x00007ff8780f0000 - 0x00007ff8780fb000 	C:\WINDOWS\SYSTEM32\CRYPTBASE.dll
0x00007ff874bf0000 - 0x00007ff874c06000 	C:\WINDOWS\SYSTEM32\dhcpcsvc6.DLL
0x00007ff874bd0000 - 0x00007ff874bea000 	C:\WINDOWS\SYSTEM32\dhcpcsvc.DLL
0x00007ff86fb40000 - 0x00007ff86fce9000 	C:\WINDOWS\SYSTEM32\dbghelp.dll

VM Arguments:
jvm_args: -Xdebug -Xrunjdwp:transport=dt_socket,server=y,suspend=y,address=5005 
java_command: test.boot.Example
java_class_path (initial): G:\MyEclipseWorkspace\code\target\classes;d:\repo\org\springframework\boot\spring-boot-starter-web\1.5.3.RELEASE\spring-boot-starter-web-1.5.3.RELEASE.jar;d:\repo\org\springframework\boot\spring-boot-starter\1.5.3.RELEASE\spring-boot-starter-1.5.3.RELEASE.jar;d:\repo\org\springframework\boot\spring-boot-starter-logging\1.5.3.RELEASE\spring-boot-starter-logging-1.5.3.RELEASE.jar;d:\repo\ch\qos\logback\logback-classic\1.1.11\logback-classic-1.1.11.jar;d:\repo\ch\qos\logback\logback-core\1.1.11\logback-core-1.1.11.jar;d:\repo\org\slf4j\jcl-over-slf4j\1.7.25\jcl-over-slf4j-1.7.25.jar;d:\repo\org\slf4j\jul-to-slf4j\1.7.25\jul-to-slf4j-1.7.25.jar;d:\repo\org\slf4j\log4j-over-slf4j\1.7.25\log4j-over-slf4j-1.7.25.jar;d:\repo\org\yaml\snakeyaml\1.17\snakeyaml-1.17.jar;d:\repo\org\springframework\boot\spring-boot-starter-tomcat\1.5.3.RELEASE\spring-boot-starter-tomcat-1.5.3.RELEASE.jar;d:\repo\org\apache\tomcat\embed\tomcat-embed-core\8.5.14\tomcat-embed-core-8.5.14.jar;d:\repo\org\apache\tomcat\embed\tomcat-embed-el\8.5.14\tomcat-embed-el-8.5.14.jar;d:\repo\org\apache\tomcat\embed\tomcat-embed-websocket\8.5.14\tomcat-embed-websocket-8.5.14.jar;d:\repo\org\hibernate\hibernate-validator\5.3.5.Final\hibernate-validator-5.3.5.Final.jar;d:\repo\javax\validation\validation-api\1.1.0.Final\validation-api-1.1.0.Final.jar;d:\repo\org\jboss\logging\jboss-logging\3.3.1.Final\jboss-logging-3.3.1.Final.jar;d:\repo\com\fasterxml\classmate\1.3.3\classmate-1.3.3.jar;d:\repo\com\fasterxml\jackson\core\jackson-databind\2.8.8\jackson-databind-2.8.8.jar;d:\repo\com\fasterxml\jackson\core\jackson-annotations\2.8.0\jackson-annotations-2.8.0.jar;d:\repo\com\fasterxml\jackson\core\jackson-core\2.8.8\jackson-core-2.8.8.jar;d:\repo\org\springframework\spring-web\4.3.8.RELEASE\spring-web-4.3.8.RELEASE.jar;d:\repo\org\springframework\spring-aop\4.3.8.RELEASE\spring-aop-4.3.8.RELEASE.jar;d:\repo\org\springframework\spring-beans\4.3.8.RELEASE\spring-beans-4.3.8.RELEASE.jar;d:
Launcher Type: SUN_STANDARD

Environment Variables:
JAVA_HOME=C:\Program Files\Java\jdk1.8.0_101
PATH=C:\Program Files\Java\jdk1.8.0_101\jre\bin;C:\Oracle\ora90\bin;C:\ProgramData\Oracle\Java\javapath;C:\Windows\system32;C:\Windows;C:\Windows\System32\Wbem;C:\Windows\System32\WindowsPowerShell\v1.0\;C:\Program Files (x86)\NVIDIA Corporation\PhysX\Common;C:\Program Files\Intel\WiFi\bin\;C:\Program Files\Common Files\Intel\WirelessCommon\;C:\Program Files\nodejs\;G:\apache-maven-3.2.3\bin;C:\Program Files\Java\jdk1.8.0_101\bin;C:\Program Files\TortoiseSVN\bin;C:\Users\hasee\AppData\Local\Android\sdk\tools;C:\Users\hasee\AppData\Local\Android\sdk\platform-tools;C:\WINDOWS\system32;C:\WINDOWS;C:\WINDOWS\System32\Wbem;C:\WINDOWS\System32\WindowsPowerShell\v1.0\;C:\Python27;C:\Program Files\SlikSvn\bin;G:\apache-cxf-2.5.0\bin;C:\Program Files\Redis\;C:\Program Files (x86)\Common Files\Thunder Network\KanKan\Codecs;C:\WINDOWS\system32;C:\WINDOWS;C:\WINDOWS\System32\Wbem;C:\WINDOWS\System32\WindowsPowerShell\v1.0\;C:\Ruby23-x64\bin;C:\Program Files\Intel\WiFi\bin\;C:\Program Files\Common Files\Intel\WirelessCommon\;C:\Users\hasee\AppData\Roaming\npm;C:\Program Files (x86)\IDM Computer Solutions\UltraEdit\;C:\Users\hasee\AppData\Local\Microsoft\WindowsApps;
USERNAME=hasee
OS=Windows_NT
PROCESSOR_IDENTIFIER=Intel64 Family 6 Model 94 Stepping 3, GenuineIntel



---------------  S Y S T E M  ---------------

OS: Windows 10.0 , 64 bit Build 15063 (10.0.15063.296)

CPU:total 8 (4 cores per cpu, 2 threads per core) family 6 model 94 stepping 3, cmov, cx8, fxsr, mmx, sse, sse2, sse3, ssse3, sse4.1, sse4.2, popcnt, avx, avx2, aes, clmul, erms, rtm, 3dnowpref, lzcnt, ht, tsc, tscinvbit, bmi1, bmi2, adx

Memory: 4k page, physical 8301588k(3187984k free), swap 16690196k(8926984k free)

vm_info: Java HotSpot(TM) 64-Bit Server VM (25.101-b13) for windows-amd64 JRE (1.8.0_101-b13), built on Jun 22 2016 01:21:29 by "java_re" with MS VC++ 10.0 (VS2010)

time: Tue Oct 31 09:53:38 2017
elapsed time: 1099 seconds (0d 0h 18m 19s)

