#
# A fatal error has been detected by the Java Runtime Environment:
#
#  EXCEPTION_ACCESS_VIOLATION (0xc0000005) at pc=0x000000006c5aa0a5, pid=15944, tid=0x0000000000002864
#
# JRE version: Java(TM) SE Runtime Environment (8.0_101-b13) (build 1.8.0_101-b13)
# Java VM: Java HotSpot(TM) 64-Bit Server VM (25.101-b13 mixed mode windows-amd64 compressed oops)
# Problematic frame:
# V  [jvm.dll+0x12a0a5]
#
# Failed to write core dump. Minidumps are not enabled by default on client versions of Windows
#
# If you would like to submit a bug report, please visit:
#   http://bugreport.java.com/bugreport/crash.jsp
#

---------------  T H R E A D  ---------------

Current thread (0x0000000019731800):  JavaThread "JDWP Transport Listener: dt_socket" daemon [_thread_in_vm, id=10340, stack(0x0000000019da0000,0x0000000019ea0000)]

siginfo: ExceptionCode=0xc0000005, reading address 0xffffffffffffffff

Registers:
RAX=0x0000000019e9f601, RBX=0x0000000019731800, RCX=0x0101010101010101, RDX=0x0000000000000000
RSP=0x0000000019e9f660, RBP=0x0101010101010101, RSI=0x0000000019e9f778, RDI=0x00000000027e8a60
R8 =0x0000000019731800, R9 =0x0000000000008000, R10=0x0000000000000000, R11=0x000000001b298be2
R12=0x0000000000000000, R13=0x000000001973b598, R14=0x0000000000000000, R15=0x0000000000000000
RIP=0x000000006c5aa0a5, EFLAGS=0x0000000000010202

Top of Stack: (sp=0x0000000019e9f660)
0x0000000019e9f660:   0000000019731800 0000000019731800
0x0000000019e9f670:   0000000019e9f728 000000006c7b2f0b
0x0000000019e9f680:   0000000019731800 000000006c7cf76d
0x0000000019e9f690:   0000000000000000 000000006c429155
0x0000000019e9f6a0:   000000001d2b4f48 000000006c43291e
0x0000000019e9f6b0:   0000000019731800 0000000000000000
0x0000000019e9f6c0:   0000000000000000 0000000000000000
0x0000000019e9f6d0:   0101010101010101 000000006c431a15
0x0000000019e9f6e0:   0000000019e9f778 0000000019e9f750
0x0000000019e9f6f0:   0000000000000001 000000001d2b4f48
0x0000000019e9f700:   0101010101010101 000000006c4153b3
0x0000000019e9f710:   0000000019e9f840 0000000000000001
0x0000000019e9f720:   0000000000000001 000000001d2b4f48
0x0000000019e9f730:   0000000000000000 0000000000000000
0x0000000019e9f740:   0000000000000000 0000000000000000
0x0000000019e9f750:   0000000000000001 000000006c415571 

Instructions: (pc=0x000000006c5aa0a5)
0x000000006c5aa085:   cc cc cc cc cc cc cc cc cc cc cc 48 83 ec 28 48
0x000000006c5aa095:   85 c9 75 07 33 c0 48 83 c4 28 c3 48 89 5c 24 20
0x000000006c5aa0a5:   48 8b 19 48 85 db 74 20 48 83 fb 37 74 1a 48 8b
0x000000006c5aa0b5:   13 48 8b cb ff 52 10 84 c0 74 0d 48 8b c3 48 8b 


Register to memory mapping:

RAX=0x0000000019e9f601 is pointing into the stack for thread: 0x0000000019731800
RBX=0x0000000019731800 is a thread
RCX=0x0101010101010101 is an unknown value
RDX=0x0000000000000000 is an unknown value
RSP=0x0000000019e9f660 is pointing into the stack for thread: 0x0000000019731800
RBP=0x0101010101010101 is an unknown value
RSI=0x0000000019e9f778 is pointing into the stack for thread: 0x0000000019731800
RDI=0x00000000027e8a60 is an unknown value
R8 =0x0000000019731800 is a thread
R9 =0x0000000000008000 is an unknown value
R10=0x0000000000000000 is an unknown value
R11=0x000000001b298be2 is an unknown value
R12=0x0000000000000000 is an unknown value
R13=0x000000001973b598 is an unknown value
R14=0x0000000000000000 is an unknown value
R15=0x0000000000000000 is an unknown value


Stack: [0x0000000019da0000,0x0000000019ea0000],  sp=0x0000000019e9f660,  free space=1021k
Native frames: (J=compiled Java code, j=interpreted, Vv=VM code, C=native code)
V  [jvm.dll+0x12a0a5]
V  [jvm.dll+0x34f76d]
C  [jdwp.dll+0x21a15]
C  [jdwp.dll+0x53b3]
C  [jdwp.dll+0x5571]
C  [jdwp.dll+0xf0a8]
C  [jdwp.dll+0x1f2d5]
C  [jdwp.dll+0x1f41e]
V  [jvm.dll+0x1bd258]
V  [jvm.dll+0x2451a4]
V  [jvm.dll+0x29c18a]
C  [msvcr100.dll+0x21d9f]
C  [msvcr100.dll+0x21e3b]
C  [KERNEL32.DLL+0x8364]
C  [ntdll.dll+0x67091]


---------------  P R O C E S S  ---------------

Java Threads: ( => current thread )
  0x000000001f03f800 JavaThread "File Watcher" daemon [_thread_blocked, id=1644, stack(0x00000000522d0000,0x00000000523d0000)]
  0x000000001f044000 JavaThread "container-1" [_thread_blocked, id=5720, stack(0x00000000521d0000,0x00000000522d0000)]
  0x000000001f042000 JavaThread "ContainerBackgroundProcessor[StandardEngine[Tomcat-1]]" daemon [_thread_blocked, id=14900, stack(0x00000000520d0000,0x00000000521d0000)]
  0x000000001f043800 JavaThread "localhost-startStop-1" daemon [_thread_blocked, id=2492, stack(0x0000000051fd0000,0x00000000520d0000)]
  0x000000001f041000 JavaThread "Tomcat-1-startStop-1" daemon [_thread_blocked, id=8480, stack(0x0000000051ed0000,0x0000000051fd0000)]
  0x000000001f03a800 JavaThread "logback-128" daemon [_thread_blocked, id=16356, stack(0x0000000051bd0000,0x0000000051cd0000)]
  0x000000001f03e000 JavaThread "restartedMain" [_thread_in_vm, id=10152, stack(0x0000000051ad0000,0x0000000051bd0000)]
  0x000000001f045800 JavaThread "Thread-109" [_thread_blocked, id=15892, stack(0x00000000516d0000,0x00000000517d0000)]
  0x000000001ab1b800 JavaThread "File Watcher" daemon [_thread_blocked, id=14188, stack(0x000000002fad0000,0x000000002fbd0000)]
  0x000000001ab20000 JavaThread "DestroyJavaVM" [_thread_blocked, id=15684, stack(0x0000000002140000,0x0000000002240000)]
  0x000000001d0d4800 JavaThread "Live Reload Server" daemon [_thread_in_native, id=16244, stack(0x00000000267a0000,0x00000000268a0000)]
  0x00000000198e1000 JavaThread "Abandoned connection cleanup thread" daemon [_thread_blocked, id=17188, stack(0x0000000021870000,0x0000000021970000)]
  0x00000000197eb800 JavaThread "Service Thread" daemon [_thread_blocked, id=16916, stack(0x000000001a4a0000,0x000000001a5a0000)]
  0x000000001975d000 JavaThread "C1 CompilerThread3" daemon [_thread_blocked, id=17204, stack(0x000000001a3a0000,0x000000001a4a0000)]
  0x000000001975c000 JavaThread "C2 CompilerThread2" daemon [_thread_blocked, id=15752, stack(0x000000001a2a0000,0x000000001a3a0000)]
  0x000000001975b800 JavaThread "C2 CompilerThread1" daemon [_thread_blocked, id=16000, stack(0x000000001a1a0000,0x000000001a2a0000)]
  0x0000000019752800 JavaThread "C2 CompilerThread0" daemon [_thread_blocked, id=17392, stack(0x000000001a0a0000,0x000000001a1a0000)]
  0x0000000019741000 JavaThread "JDWP Command Reader" daemon [_thread_in_native, id=15732, stack(0x0000000019fa0000,0x000000001a0a0000)]
  0x000000001973f800 JavaThread "JDWP Event Helper Thread" daemon [_thread_blocked, id=7384, stack(0x0000000019ea0000,0x0000000019fa0000)]
=>0x0000000019731800 JavaThread "JDWP Transport Listener: dt_socket" daemon [_thread_in_vm, id=10340, stack(0x0000000019da0000,0x0000000019ea0000)]
  0x00000000196dc000 JavaThread "Attach Listener" daemon [_thread_blocked, id=11832, stack(0x0000000019ca0000,0x0000000019da0000)]
  0x00000000196da000 JavaThread "Signal Dispatcher" daemon [_thread_blocked, id=12900, stack(0x0000000019ba0000,0x0000000019ca0000)]
  0x00000000196c1800 JavaThread "Finalizer" daemon [_thread_blocked, id=1604, stack(0x0000000019aa0000,0x0000000019ba0000)]
  0x00000000177ad000 JavaThread "Reference Handler" daemon [_thread_blocked, id=4224, stack(0x00000000195a0000,0x00000000196a0000)]

Other Threads:
  0x00000000177a8800 VMThread [stack: 0x00000000194a0000,0x00000000195a0000] [id=16220]
  0x0000000019847800 WatcherThread [stack: 0x000000001a5a0000,0x000000001a6a0000] [id=16712]

VM state:not at safepoint (normal execution)

VM Mutex/Monitor currently owned by a thread: None

Heap:
 PSYoungGen      total 288768K, used 153068K [0x00000000d5c00000, 0x00000000eb580000, 0x0000000100000000)
  eden space 285184K, 53% used [0x00000000d5c00000,0x00000000df17b388,0x00000000e7280000)
  from space 3584K, 0% used [0x00000000eb200000,0x00000000eb200000,0x00000000eb580000)
  to   space 8192K, 0% used [0x00000000ea580000,0x00000000ea580000,0x00000000ead80000)
 ParOldGen       total 82432K, used 23237K [0x0000000081400000, 0x0000000086480000, 0x00000000d5c00000)
  object space 82432K, 28% used [0x0000000081400000,0x0000000082ab1610,0x0000000086480000)
 Metaspace       used 47504K, capacity 49392K, committed 49664K, reserved 1093632K
  class space    used 5195K, capacity 5764K, committed 5888K, reserved 1048576K

Card table byte_map: [0x0000000011bb0000,0x0000000011fb0000] byte_map_base: 0x00000000117a6000

Marking Bits: (ParMarkBitMap*) 0x000000006cc9a6d0
 Begin Bits: [0x0000000012a60000, 0x0000000014a10000)
 End Bits:   [0x0000000014a10000, 0x00000000169c0000)

Polling page: 0x0000000000980000

CodeCache: size=245760Kb used=32146Kb max_used=32158Kb free=213613Kb
 bounds [0x00000000027f0000, 0x0000000004790000, 0x00000000117f0000]
 total_blobs=7243 nmethods=6764 adapters=398
 compilation: enabled

Compilation events (10 events):
Event: 13498.098 Thread 0x000000001975b800 nmethod 8922 0x0000000004785050 code [0x00000000047851e0, 0x00000000047858b0]
Event: 13498.105 Thread 0x0000000019752800 nmethod 8928 0x0000000004785f50 code [0x0000000004786100, 0x0000000004786688]
Event: 13498.108 Thread 0x000000001975c000 8929       4       org.springframework.util.ObjectUtils::arrayEquals (290 bytes)
Event: 13498.111 Thread 0x000000001975c000 nmethod 8929 0x000000000476d2d0 code [0x000000000476d420, 0x000000000476d658]
Event: 13498.121 Thread 0x000000001975d000 8930       1       org.apache.catalina.webresources.Cache::getObjectMaxSizeBytes (5 bytes)
Event: 13498.122 Thread 0x000000001975d000 nmethod 8930 0x000000000333b010 code [0x000000000333b160, 0x000000000333b270]
Event: 13499.160 Thread 0x000000001975b800 8931       4       org.springframework.beans.factory.support.AbstractBeanFactory::getBean (9 bytes)
Event: 13499.161 Thread 0x000000001975b800 nmethod 8931 0x0000000002bcb850 code [0x0000000002bcb9a0, 0x0000000002bcba28]
Event: 13499.162 Thread 0x0000000019752800 8932       4       java.lang.Class::privateGetDeclaredConstructors (85 bytes)
Event: 13499.166 Thread 0x0000000019752800 nmethod 8932 0x0000000004786e50 code [0x0000000004786fe0, 0x00000000047874a8]

GC Heap History (10 events):
Event: 13468.705 GC heap before
{Heap before GC invocations=52 (full 18):
 PSYoungGen      total 289280K, used 3622K [0x00000000d5c00000, 0x00000000ebd80000, 0x0000000100000000)
  eden space 285184K, 0% used [0x00000000d5c00000,0x00000000d5c00000,0x00000000e7280000)
  from space 4096K, 88% used [0x00000000eb980000,0x00000000ebd09a50,0x00000000ebd80000)
  to   space 8704K, 0% used [0x00000000eac80000,0x00000000eac80000,0x00000000eb500000)
 ParOldGen       total 82432K, used 23082K [0x0000000081400000, 0x0000000086480000, 0x00000000d5c00000)
  object space 82432K, 28% used [0x0000000081400000,0x0000000082a8ab90,0x0000000086480000)
 Metaspace       used 46816K, capacity 48492K, committed 48640K, reserved 1091584K
  class space    used 5122K, capacity 5624K, committed 5632K, reserved 1048576K
Event: 13468.838 GC heap after
Heap after GC invocations=52 (full 18):
 PSYoungGen      total 289280K, used 0K [0x00000000d5c00000, 0x00000000ebd80000, 0x0000000100000000)
  eden space 285184K, 0% used [0x00000000d5c00000,0x00000000d5c00000,0x00000000e7280000)
  from space 4096K, 0% used [0x00000000eb980000,0x00000000eb980000,0x00000000ebd80000)
  to   space 8704K, 0% used [0x00000000eac80000,0x00000000eac80000,0x00000000eb500000)
 ParOldGen       total 82432K, used 23110K [0x0000000081400000, 0x0000000086480000, 0x00000000d5c00000)
  object space 82432K, 28% used [0x0000000081400000,0x0000000082a91a88,0x0000000086480000)
 Metaspace       used 46806K, capacity 48474K, committed 48640K, reserved 1091584K
  class space    used 5121K, capacity 5620K, committed 5632K, reserved 1048576K
}
Event: 13483.226 GC heap before
{Heap before GC invocations=53 (full 18):
 PSYoungGen      total 289280K, used 167503K [0x00000000d5c00000, 0x00000000ebd80000, 0x0000000100000000)
  eden space 285184K, 58% used [0x00000000d5c00000,0x00000000dff93fc8,0x00000000e7280000)
  from space 4096K, 0% used [0x00000000eb980000,0x00000000eb980000,0x00000000ebd80000)
  to   space 8704K, 0% used [0x00000000eac80000,0x00000000eac80000,0x00000000eb500000)
 ParOldGen       total 82432K, used 23110K [0x0000000081400000, 0x0000000086480000, 0x00000000d5c00000)
  object space 82432K, 28% used [0x0000000081400000,0x0000000082a91a88,0x0000000086480000)
 Metaspace       used 47043K, capacity 48738K, committed 49024K, reserved 1093632K
  class space    used 5144K, capacity 5662K, committed 5760K, reserved 1048576K
Event: 13483.233 GC heap after
Heap after GC invocations=53 (full 18):
 PSYoungGen      total 288768K, used 3526K [0x00000000d5c00000, 0x00000000eba00000, 0x0000000100000000)
  eden space 285184K, 0% used [0x00000000d5c00000,0x00000000d5c00000,0x00000000e7280000)
  from space 3584K, 98% used [0x00000000eac80000,0x00000000eaff1a50,0x00000000eb000000)
  to   space 8192K, 0% used [0x00000000eb200000,0x00000000eb200000,0x00000000eba00000)
 ParOldGen       total 82432K, used 23118K [0x0000000081400000, 0x0000000086480000, 0x00000000d5c00000)
  object space 82432K, 28% used [0x0000000081400000,0x0000000082a93a88,0x0000000086480000)
 Metaspace       used 47043K, capacity 48738K, committed 49024K, reserved 1093632K
  class space    used 5144K, capacity 5662K, committed 5760K, reserved 1048576K
}
Event: 13483.233 GC heap before
{Heap before GC invocations=54 (full 19):
 PSYoungGen      total 288768K, used 3526K [0x00000000d5c00000, 0x00000000eba00000, 0x0000000100000000)
  eden space 285184K, 0% used [0x00000000d5c00000,0x00000000d5c00000,0x00000000e7280000)
  from space 3584K, 98% used [0x00000000eac80000,0x00000000eaff1a50,0x00000000eb000000)
  to   space 8192K, 0% used [0x00000000eb200000,0x00000000eb200000,0x00000000eba00000)
 ParOldGen       total 82432K, used 23118K [0x0000000081400000, 0x0000000086480000, 0x00000000d5c00000)
  object space 82432K, 28% used [0x0000000081400000,0x0000000082a93a88,0x0000000086480000)
 Metaspace       used 47043K, capacity 48738K, committed 49024K, reserved 1093632K
  class space    used 5144K, capacity 5662K, committed 5760K, reserved 1048576K
Event: 13483.302 GC heap after
Heap after GC invocations=54 (full 19):
 PSYoungGen      total 288768K, used 0K [0x00000000d5c00000, 0x00000000eba00000, 0x0000000100000000)
  eden space 285184K, 0% used [0x00000000d5c00000,0x00000000d5c00000,0x00000000e7280000)
  from space 3584K, 0% used [0x00000000eac80000,0x00000000eac80000,0x00000000eb000000)
  to   space 8192K, 0% used [0x00000000eb200000,0x00000000eb200000,0x00000000eba00000)
 ParOldGen       total 82432K, used 23146K [0x0000000081400000, 0x0000000086480000, 0x00000000d5c00000)
  object space 82432K, 28% used [0x0000000081400000,0x0000000082a9a958,0x0000000086480000)
 Metaspace       used 47033K, capacity 48720K, committed 49024K, reserved 1093632K
  class space    used 5143K, capacity 5658K, committed 5760K, reserved 1048576K
}
Event: 13496.794 GC heap before
{Heap before GC invocations=55 (full 19):
 PSYoungGen      total 288768K, used 167992K [0x00000000d5c00000, 0x00000000eba00000, 0x0000000100000000)
  eden space 285184K, 58% used [0x00000000d5c00000,0x00000000e000e148,0x00000000e7280000)
  from space 3584K, 0% used [0x00000000eac80000,0x00000000eac80000,0x00000000eb000000)
  to   space 8192K, 0% used [0x00000000eb200000,0x00000000eb200000,0x00000000eba00000)
 ParOldGen       total 82432K, used 23146K [0x0000000081400000, 0x0000000086480000, 0x00000000d5c00000)
  object space 82432K, 28% used [0x0000000081400000,0x0000000082a9a958,0x0000000086480000)
 Metaspace       used 47409K, capacity 49280K, committed 49536K, reserved 1093632K
  class space    used 5183K, capacity 5728K, committed 5760K, reserved 1048576K
Event: 13496.800 GC heap after
Heap after GC invocations=55 (full 19):
 PSYoungGen      total 288768K, used 3526K [0x00000000d5c00000, 0x00000000eb580000, 0x0000000100000000)
  eden space 285184K, 0% used [0x00000000d5c00000,0x00000000d5c00000,0x00000000e7280000)
  from space 3584K, 98% used [0x00000000eb200000,0x00000000eb571a50,0x00000000eb580000)
  to   space 8192K, 0% used [0x00000000ea580000,0x00000000ea580000,0x00000000ead80000)
 ParOldGen       total 82432K, used 23154K [0x0000000081400000, 0x0000000086480000, 0x00000000d5c00000)
  object space 82432K, 28% used [0x0000000081400000,0x0000000082a9c958,0x0000000086480000)
 Metaspace       used 47409K, capacity 49280K, committed 49536K, reserved 1093632K
  class space    used 5183K, capacity 5728K, committed 5760K, reserved 1048576K
}
Event: 13496.800 GC heap before
{Heap before GC invocations=56 (full 20):
 PSYoungGen      total 288768K, used 3526K [0x00000000d5c00000, 0x00000000eb580000, 0x0000000100000000)
  eden space 285184K, 0% used [0x00000000d5c00000,0x00000000d5c00000,0x00000000e7280000)
  from space 3584K, 98% used [0x00000000eb200000,0x00000000eb571a50,0x00000000eb580000)
  to   space 8192K, 0% used [0x00000000ea580000,0x00000000ea580000,0x00000000ead80000)
 ParOldGen       total 82432K, used 23154K [0x0000000081400000, 0x0000000086480000, 0x00000000d5c00000)
  object space 82432K, 28% used [0x0000000081400000,0x0000000082a9c958,0x0000000086480000)
 Metaspace       used 47409K, capacity 49280K, committed 49536K, reserved 1093632K
  class space    used 5183K, capacity 5728K, committed 5760K, reserved 1048576K
Event: 13496.925 GC heap after
Heap after GC invocations=56 (full 20):
 PSYoungGen      total 288768K, used 0K [0x00000000d5c00000, 0x00000000eb580000, 0x0000000100000000)
  eden space 285184K, 0% used [0x00000000d5c00000,0x00000000d5c00000,0x00000000e7280000)
  from space 3584K, 0% used [0x00000000eb200000,0x00000000eb200000,0x00000000eb580000)
  to   space 8192K, 0% used [0x00000000ea580000,0x00000000ea580000,0x00000000ead80000)
 ParOldGen       total 82432K, used 23237K [0x0000000081400000, 0x0000000086480000, 0x00000000d5c00000)
  object space 82432K, 28% used [0x0000000081400000,0x0000000082ab1610,0x0000000086480000)
 Metaspace       used 47399K, capacity 49262K, committed 49536K, reserved 1093632K
  class space    used 5181K, capacity 5724K, committed 5760K, reserved 1048576K
}

Deoptimization events (10 events):
Event: 13499.317 Thread 0x000000001f03e000 Uncommon trap: reason=unhandled action=none pc=0x0000000004690c54 method=java.lang.Class.getDeclaredMethod(Ljava/lang/String;[Ljava/lang/Class;)Ljava/lang/reflect/Method; @ 64
Event: 13499.317 Thread 0x000000001f03e000 Uncommon trap: reason=unhandled action=none pc=0x0000000004690c54 method=java.lang.Class.getDeclaredMethod(Ljava/lang/String;[Ljava/lang/Class;)Ljava/lang/reflect/Method; @ 64
Event: 13499.317 Thread 0x000000001f03e000 Uncommon trap: reason=unhandled action=none pc=0x0000000004690c54 method=java.lang.Class.getDeclaredMethod(Ljava/lang/String;[Ljava/lang/Class;)Ljava/lang/reflect/Method; @ 64
Event: 13499.318 Thread 0x000000001f03e000 Uncommon trap: reason=unhandled action=none pc=0x0000000004690c54 method=java.lang.Class.getDeclaredMethod(Ljava/lang/String;[Ljava/lang/Class;)Ljava/lang/reflect/Method; @ 64
Event: 13499.318 Thread 0x000000001f03e000 Uncommon trap: reason=unhandled action=none pc=0x000000000467d194 method=java.lang.Class.getDeclaredMethod(Ljava/lang/String;[Ljava/lang/Class;)Ljava/lang/reflect/Method; @ 64
Event: 13499.318 Thread 0x000000001f03e000 Uncommon trap: reason=unhandled action=none pc=0x0000000004690c54 method=java.lang.Class.getDeclaredMethod(Ljava/lang/String;[Ljava/lang/Class;)Ljava/lang/reflect/Method; @ 64
Event: 13499.318 Thread 0x000000001f03e000 Uncommon trap: reason=unhandled action=none pc=0x000000000467d194 method=java.lang.Class.getDeclaredMethod(Ljava/lang/String;[Ljava/lang/Class;)Ljava/lang/reflect/Method; @ 64
Event: 13499.318 Thread 0x000000001f03e000 Uncommon trap: reason=unhandled action=none pc=0x0000000004690c54 method=java.lang.Class.getDeclaredMethod(Ljava/lang/String;[Ljava/lang/Class;)Ljava/lang/reflect/Method; @ 64
Event: 13499.318 Thread 0x000000001f03e000 Uncommon trap: reason=unhandled action=none pc=0x000000000467d194 method=java.lang.Class.getDeclaredMethod(Ljava/lang/String;[Ljava/lang/Class;)Ljava/lang/reflect/Method; @ 64
Event: 13499.318 Thread 0x000000001f03e000 Uncommon trap: reason=unhandled action=none pc=0x0000000004690c54 method=java.lang.Class.getDeclaredMethod(Ljava/lang/String;[Ljava/lang/Class;)Ljava/lang/reflect/Method; @ 64

Internal exceptions (10 events):
Event: 13498.067 Thread 0x000000001f03e000 Exception <a 'java/lang/ArrayIndexOutOfBoundsException': 101> (0x00000000dd3f8f70) thrown at [C:\re\workspace\8-2-build-windows-amd64-cygwin\jdk8u101\7261\hotspot\src\share\vm\interpreter\interpreterRuntime.cpp, line 366]
Event: 13498.067 Thread 0x000000001f03e000 Exception <a 'java/lang/ArrayIndexOutOfBoundsException': 50> (0x00000000dd3fab70) thrown at [C:\re\workspace\8-2-build-windows-amd64-cygwin\jdk8u101\7261\hotspot\src\share\vm\interpreter\interpreterRuntime.cpp, line 366]
Event: 13498.092 Thread 0x000000001f03e000 Exception <a 'java/lang/ArrayIndexOutOfBoundsException': 111> (0x00000000dda79270) thrown at [C:\re\workspace\8-2-build-windows-amd64-cygwin\jdk8u101\7261\hotspot\src\share\vm\interpreter\interpreterRuntime.cpp, line 366]
Event: 13498.093 Thread 0x000000001f03e000 Exception <a 'java/lang/ArrayIndexOutOfBoundsException': 97> (0x00000000dda7b9a8) thrown at [C:\re\workspace\8-2-build-windows-amd64-cygwin\jdk8u101\7261\hotspot\src\share\vm\interpreter\interpreterRuntime.cpp, line 366]
Event: 13498.093 Thread 0x000000001f03e000 Exception <a 'java/lang/ArrayIndexOutOfBoundsException': 63> (0x00000000dda7e730) thrown at [C:\re\workspace\8-2-build-windows-amd64-cygwin\jdk8u101\7261\hotspot\src\share\vm\interpreter\interpreterRuntime.cpp, line 366]
Event: 13498.093 Thread 0x000000001f03e000 Exception <a 'java/lang/ArrayIndexOutOfBoundsException': 47> (0x00000000dda80600) thrown at [C:\re\workspace\8-2-build-windows-amd64-cygwin\jdk8u101\7261\hotspot\src\share\vm\interpreter\interpreterRuntime.cpp, line 366]
Event: 13498.093 Thread 0x000000001f03e000 Exception <a 'java/lang/ArrayIndexOutOfBoundsException': 100> (0x00000000dda82488) thrown at [C:\re\workspace\8-2-build-windows-amd64-cygwin\jdk8u101\7261\hotspot\src\share\vm\interpreter\interpreterRuntime.cpp, line 366]
Event: 13498.093 Thread 0x000000001f03e000 Exception <a 'java/lang/ArrayIndexOutOfBoundsException': 40> (0x00000000dda83378) thrown at [C:\re\workspace\8-2-build-windows-amd64-cygwin\jdk8u101\7261\hotspot\src\share\vm\interpreter\interpreterRuntime.cpp, line 366]
Event: 13498.097 Thread 0x000000001f03e000 Exception <a 'java/lang/ArrayIndexOutOfBoundsException': 137> (0x00000000ddb070f8) thrown at [C:\re\workspace\8-2-build-windows-amd64-cygwin\jdk8u101\7261\hotspot\src\share\vm\interpreter\interpreterRuntime.cpp, line 366]
Event: 13499.162 Thread 0x000000001f03e000 Exception <a 'java/lang/ArrayIndexOutOfBoundsException': 251> (0x00000000de173000) thrown at [C:\re\workspace\8-2-build-windows-amd64-cygwin\jdk8u101\7261\hotspot\src\share\vm\interpreter\interpreterRuntime.cpp, line 366]

Events (10 events):
Event: 13499.318 Thread 0x000000001f03e000 DEOPT PACKING pc=0x000000000467d194 sp=0x0000000051bcd970
Event: 13499.318 Thread 0x000000001f03e000 DEOPT UNPACKING pc=0x000000000283582a sp=0x0000000051bcd9c0 mode 2
Event: 13499.318 Thread 0x000000001f03e000 Uncommon trap: trap_request=0xffffffa7 fr.pc=0x0000000004690c54
Event: 13499.318 Thread 0x000000001f03e000 DEOPT PACKING pc=0x0000000004690c54 sp=0x0000000051bcda10
Event: 13499.318 Thread 0x000000001f03e000 DEOPT UNPACKING pc=0x000000000283582a sp=0x0000000051bcd9d0 mode 2
Event: 13499.318 Thread 0x000000001f03e000 Uncommon trap: trap_request=0xffffffa7 fr.pc=0x000000000467d194
Event: 13499.318 Thread 0x000000001f03e000 DEOPT PACKING pc=0x000000000467d194 sp=0x0000000051bcd970
Event: 13499.318 Thread 0x000000001f03e000 DEOPT UNPACKING pc=0x000000000283582a sp=0x0000000051bcd9c0 mode 2
Event: 13499.318 Thread 0x000000001f03e000 Uncommon trap: trap_request=0xffffffa7 fr.pc=0x0000000004690c54
Event: 13499.318 Thread 0x000000001f03e000 DEOPT PACKING pc=0x0000000004690c54 sp=0x0000000051bcda10


Dynamic libraries:
0x00007ff7cb530000 - 0x00007ff7cb567000 	C:\Program Files\Java\jdk1.8.0_101\jre\bin\java.exe
0x00007ffc458a0000 - 0x00007ffc45a72000 	C:\WINDOWS\SYSTEM32\ntdll.dll
0x00007ffc43800000 - 0x00007ffc438ac000 	C:\WINDOWS\System32\KERNEL32.DLL
0x00007ffc42b70000 - 0x00007ffc42d8d000 	C:\WINDOWS\System32\KERNELBASE.dll
0x00007ffc436b0000 - 0x00007ffc43752000 	C:\WINDOWS\System32\ADVAPI32.dll
0x00007ffc43760000 - 0x00007ffc437fe000 	C:\WINDOWS\System32\msvcrt.dll
0x00007ffc44dc0000 - 0x00007ffc44e19000 	C:\WINDOWS\System32\sechost.dll
0x00007ffc43400000 - 0x00007ffc43521000 	C:\WINDOWS\System32\RPCRT4.dll
0x00007ffc43540000 - 0x00007ffc436a5000 	C:\WINDOWS\System32\USER32.dll
0x00007ffc42af0000 - 0x00007ffc42b0e000 	C:\WINDOWS\System32\win32u.dll
0x00007ffc42e30000 - 0x00007ffc42e64000 	C:\WINDOWS\System32\GDI32.dll
0x00007ffc42970000 - 0x00007ffc42af0000 	C:\WINDOWS\System32\gdi32full.dll
0x00007ffc2fec0000 - 0x00007ffc3013a000 	C:\WINDOWS\WinSxS\amd64_microsoft.windows.common-controls_6595b64144ccf1df_6.0.14393.953_none_42151e83c686086b\COMCTL32.dll
0x00007ffc454a0000 - 0x00007ffc45768000 	C:\WINDOWS\System32\combase.dll
0x00007ffc42530000 - 0x00007ffc42625000 	C:\WINDOWS\System32\ucrtbase.dll
0x00007ffc428b0000 - 0x00007ffc4291a000 	C:\WINDOWS\System32\bcryptPrimitives.dll
0x00007ffc45460000 - 0x00007ffc4548e000 	C:\WINDOWS\System32\IMM32.DLL
0x000000006cd20000 - 0x000000006cdf2000 	C:\Program Files\Java\jdk1.8.0_101\jre\bin\msvcr100.dll
0x000000006c480000 - 0x000000006cd1a000 	C:\Program Files\Java\jdk1.8.0_101\jre\bin\server\jvm.dll
0x00007ffc43530000 - 0x00007ffc43538000 	C:\WINDOWS\System32\PSAPI.DLL
0x00007ffc323e0000 - 0x00007ffc323e9000 	C:\WINDOWS\SYSTEM32\WSOCK32.dll
0x00007ffc3fd90000 - 0x00007ffc3fdb3000 	C:\WINDOWS\SYSTEM32\WINMM.dll
0x00007ffc33dc0000 - 0x00007ffc33dca000 	C:\WINDOWS\SYSTEM32\VERSION.dll
0x00007ffc45830000 - 0x00007ffc4589a000 	C:\WINDOWS\System32\WS2_32.dll
0x00007ffc3fc90000 - 0x00007ffc3fcbb000 	C:\WINDOWS\SYSTEM32\WINMMBASE.dll
0x00007ffc42920000 - 0x00007ffc42962000 	C:\WINDOWS\System32\cfgmgr32.dll
0x000000006d7a0000 - 0x000000006d7af000 	C:\Program Files\Java\jdk1.8.0_101\jre\bin\verify.dll
0x000000006c450000 - 0x000000006c479000 	C:\Program Files\Java\jdk1.8.0_101\jre\bin\java.dll
0x000000006c410000 - 0x000000006c445000 	C:\Program Files\Java\jdk1.8.0_101\jre\bin\jdwp.dll
0x000000006d790000 - 0x000000006d798000 	C:\Program Files\Java\jdk1.8.0_101\jre\bin\npt.dll
0x000000006c3f0000 - 0x000000006c406000 	C:\Program Files\Java\jdk1.8.0_101\jre\bin\zip.dll
0x00007ffc438b0000 - 0x00007ffc44db8000 	C:\WINDOWS\System32\SHELL32.dll
0x00007ffc41e50000 - 0x00007ffc42528000 	C:\WINDOWS\System32\windows.storage.dll
0x00007ffc41d20000 - 0x00007ffc41d6c000 	C:\WINDOWS\System32\powrprof.dll
0x00007ffc42e90000 - 0x00007ffc42ee2000 	C:\WINDOWS\System32\shlwapi.dll
0x00007ffc41d10000 - 0x00007ffc41d1f000 	C:\WINDOWS\System32\kernel.appcore.dll
0x00007ffc42630000 - 0x00007ffc426d9000 	C:\WINDOWS\System32\shcore.dll
0x00007ffc41d80000 - 0x00007ffc41d94000 	C:\WINDOWS\System32\profapi.dll
0x000000006c3e0000 - 0x000000006c3e9000 	C:\Program Files\Java\jdk1.8.0_101\jre\bin\dt_socket.dll
0x00007ffc415c0000 - 0x00007ffc4161c000 	C:\WINDOWS\system32\mswsock.dll
0x000000006c390000 - 0x000000006c39d000 	C:\Program Files\Java\jdk1.8.0_101\jre\bin\management.dll
0x000000006c3c0000 - 0x000000006c3da000 	C:\Program Files\Java\jdk1.8.0_101\jre\bin\net.dll
0x000000006c3a0000 - 0x000000006c3b1000 	C:\Program Files\Java\jdk1.8.0_101\jre\bin\nio.dll
0x00007ffc2e520000 - 0x00007ffc2e536000 	C:\WINDOWS\system32\napinsp.dll
0x00007ffc2e500000 - 0x00007ffc2e51a000 	C:\WINDOWS\system32\pnrpnsp.dll
0x00007ffc3e450000 - 0x00007ffc3e468000 	C:\WINDOWS\system32\NLAapi.dll
0x00007ffc41380000 - 0x00007ffc41421000 	C:\WINDOWS\SYSTEM32\DNSAPI.dll
0x00007ffc453f0000 - 0x00007ffc453f8000 	C:\WINDOWS\System32\NSI.dll
0x00007ffc41340000 - 0x00007ffc41378000 	C:\WINDOWS\SYSTEM32\IPHLPAPI.DLL
0x00007ffc2fe70000 - 0x00007ffc2fe7e000 	C:\WINDOWS\System32\winrnr.dll
0x00007ffc396a0000 - 0x00007ffc396aa000 	C:\Windows\System32\rasadhlp.dll
0x00007ffc39ea0000 - 0x00007ffc39f0a000 	C:\WINDOWS\System32\fwpuclnt.dll
0x00007ffc41c50000 - 0x00007ffc41c7b000 	C:\WINDOWS\SYSTEM32\bcrypt.dll
0x00007ffc41760000 - 0x00007ffc41777000 	C:\WINDOWS\SYSTEM32\CRYPTSP.dll
0x00007ffc411c0000 - 0x00007ffc411f3000 	C:\WINDOWS\system32\rsaenh.dll
0x00007ffc41440000 - 0x00007ffc4145f000 	C:\WINDOWS\SYSTEM32\USERENV.dll
0x00007ffc41780000 - 0x00007ffc4178b000 	C:\WINDOWS\SYSTEM32\CRYPTBASE.dll
0x00007ffc3db90000 - 0x00007ffc3dba6000 	C:\WINDOWS\SYSTEM32\dhcpcsvc6.DLL
0x00007ffc3da80000 - 0x00007ffc3da9a000 	C:\WINDOWS\SYSTEM32\dhcpcsvc.DLL
0x00007ffc3cc20000 - 0x00007ffc3cdb2000 	C:\WINDOWS\SYSTEM32\dbghelp.dll

VM Arguments:
jvm_args: -Xdebug -Xrunjdwp:transport=dt_socket,server=y,suspend=y,address=5005 
java_command: test.boot.Example
java_class_path (initial): G:\MyEclipseWorkspace\code\target\classes;d:\repo\org\springframework\boot\spring-boot-starter-web\1.5.3.RELEASE\spring-boot-starter-web-1.5.3.RELEASE.jar;d:\repo\org\springframework\boot\spring-boot-starter\1.5.3.RELEASE\spring-boot-starter-1.5.3.RELEASE.jar;d:\repo\org\springframework\boot\spring-boot-starter-logging\1.5.3.RELEASE\spring-boot-starter-logging-1.5.3.RELEASE.jar;d:\repo\ch\qos\logback\logback-classic\1.1.11\logback-classic-1.1.11.jar;d:\repo\ch\qos\logback\logback-core\1.1.11\logback-core-1.1.11.jar;d:\repo\org\slf4j\jcl-over-slf4j\1.7.25\jcl-over-slf4j-1.7.25.jar;d:\repo\org\slf4j\jul-to-slf4j\1.7.25\jul-to-slf4j-1.7.25.jar;d:\repo\org\slf4j\log4j-over-slf4j\1.7.25\log4j-over-slf4j-1.7.25.jar;d:\repo\org\yaml\snakeyaml\1.17\snakeyaml-1.17.jar;d:\repo\org\springframework\boot\spring-boot-starter-tomcat\1.5.3.RELEASE\spring-boot-starter-tomcat-1.5.3.RELEASE.jar;d:\repo\org\apache\tomcat\embed\tomcat-embed-core\8.5.14\tomcat-embed-core-8.5.14.jar;d:\repo\org\apache\tomcat\embed\tomcat-embed-el\8.5.14\tomcat-embed-el-8.5.14.jar;d:\repo\org\apache\tomcat\embed\tomcat-embed-websocket\8.5.14\tomcat-embed-websocket-8.5.14.jar;d:\repo\org\hibernate\hibernate-validator\5.3.5.Final\hibernate-validator-5.3.5.Final.jar;d:\repo\javax\validation\validation-api\1.1.0.Final\validation-api-1.1.0.Final.jar;d:\repo\org\jboss\logging\jboss-logging\3.3.1.Final\jboss-logging-3.3.1.Final.jar;d:\repo\com\fasterxml\classmate\1.3.3\classmate-1.3.3.jar;d:\repo\com\fasterxml\jackson\core\jackson-databind\2.8.8\jackson-databind-2.8.8.jar;d:\repo\com\fasterxml\jackson\core\jackson-annotations\2.8.0\jackson-annotations-2.8.0.jar;d:\repo\com\fasterxml\jackson\core\jackson-core\2.8.8\jackson-core-2.8.8.jar;d:\repo\org\springframework\spring-web\4.3.8.RELEASE\spring-web-4.3.8.RELEASE.jar;d:\repo\org\springframework\spring-aop\4.3.8.RELEASE\spring-aop-4.3.8.RELEASE.jar;d:\repo\org\springframework\spring-beans\4.3.8.RELEASE\spring-beans-4.3.8.RELEASE.jar;d:
Launcher Type: SUN_STANDARD

Environment Variables:
JAVA_HOME=C:\Program Files\Java\jdk1.8.0_101
PATH=C:\Program Files\Java\jdk1.8.0_101\jre\bin;C:\Oracle\ora90\bin;C:\ProgramData\Oracle\Java\javapath;C:\Windows\system32;C:\Windows;C:\Windows\System32\Wbem;C:\Windows\System32\WindowsPowerShell\v1.0\;C:\Program Files (x86)\NVIDIA Corporation\PhysX\Common;C:\Program Files\Intel\WiFi\bin\;C:\Program Files\Common Files\Intel\WirelessCommon\;C:\Program Files\nodejs\;G:\apache-maven-3.2.3\bin;C:\Program Files\Java\jdk1.8.0_101\bin;C:\Program Files\TortoiseSVN\bin;C:\Users\hasee\AppData\Local\Android\sdk\tools;C:\Users\hasee\AppData\Local\Android\sdk\platform-tools;C:\WINDOWS\system32;C:\WINDOWS;C:\WINDOWS\System32\Wbem;C:\WINDOWS\System32\WindowsPowerShell\v1.0\;C:\Python27;C:\Program Files\SlikSvn\bin;G:\apache-cxf-2.5.0\bin;C:\Program Files\Redis\;C:\Program Files (x86)\Common Files\Thunder Network\KanKan\Codecs;C:\Ruby23-x64\bin;C:\Program Files\Intel\WiFi\bin\;C:\Program Files\Common Files\Intel\WirelessCommon\;C:\Users\hasee\AppData\Roaming\npm;C:\Program Files (x86)\IDM Computer Solutions\UltraEdit\;C:\Users\hasee\AppData\Local\Microsoft\WindowsApps
USERNAME=hasee
OS=Windows_NT
PROCESSOR_IDENTIFIER=Intel64 Family 6 Model 94 Stepping 3, GenuineIntel



---------------  S Y S T E M  ---------------

OS: Windows 10.0 , 64 bit Build 14393 (10.0.14393.1198)

CPU:total 8 (4 cores per cpu, 2 threads per core) family 6 model 94 stepping 3, cmov, cx8, fxsr, mmx, sse, sse2, sse3, ssse3, sse4.1, sse4.2, popcnt, avx, avx2, aes, clmul, erms, rtm, 3dnowpref, lzcnt, ht, tsc, tscinvbit, bmi1, bmi2, adx

Memory: 4k page, physical 8301588k(2177848k free), swap 16690196k(5728004k free)

vm_info: Java HotSpot(TM) 64-Bit Server VM (25.101-b13) for windows-amd64 JRE (1.8.0_101-b13), built on Jun 22 2016 01:21:29 by "java_re" with MS VC++ 10.0 (VS2010)

time: Fri Oct 27 17:51:53 2017
elapsed time: 13499 seconds (0d 3h 44m 59s)

